10:17:54 INFO  : Launching XSDB server: xsdb.bat -s C:/Xilinx/SDK/2014.3.1/scripts/xsdb/xsdb/xsdb-server.tcl 2450
10:23:52 ERROR :  [Hsi 55-1594] Core freertos_zynq of version 1.02.a not found in repositories
 [Hsi 55-1594] Core lwip141 of version 1.0 not found in repositories
10:23:52 ERROR :  [Hsi 55-1594] Core freertos_zynq of version 1.02.a not found in repositories
 [Hsi 55-1594] Core lwip141 of version 1.0 not found in repositories
 [Hsi 55-1594] Core freertos_zynq of version 1.02.a not found in repositories
 [Hsi 55-1594] Core lwip141 of version 1.0 not found in repositories
10:32:00 ERROR :  [Hsi 55-1594] Core freertos_zynq of version 1.02.a not found in repositories
 [Hsi 55-1594] Core lwip141 of version 1.0 not found in repositories
10:32:06 ERROR :  [Hsi 55-1594] Core freertos_zynq of version 1.02.a not found in repositories
 [Hsi 55-1594] Core lwip141 of version 1.0 not found in repositories
 [Hsi 55-1594] Core freertos_zynq of version 1.02.a not found in repositories
 [Hsi 55-1594] Core lwip141 of version 1.0 not found in repositories
10:34:56 ERROR :  [Hsi 55-1594] Core freertos_zynq of version 1.02.a not found in repositories
 [Hsi 55-1594] Core lwip141 of version 1.0 not found in repositories
10:35:53 ERROR :  [Hsi 55-1594] Core freertos_zynq of version 1.02.a not found in repositories
 [Hsi 55-1594] Core lwip141 of version 1.0 not found in repositories
 [Hsi 55-1594] Core freertos_zynq of version 1.02.a not found in repositories
 [Hsi 55-1594] Core lwip141 of version 1.0 not found in repositories
10:37:30 INFO  : Saving repository preferences.
10:37:30 INFO  : Reading in cores from local repositories: 
		 H:\ESDC\XAPP1026\zc702_GigE\repo
10:37:32 INFO  : Cleaning BSP projects in the workspace.
10:38:06 WARN  :  [Hsi 55-1559] Software Design already exists with Name C:\Users\chri.ballesteros\Documents\Lab2_ESDC\Lab2_ESDC.sdk\echo_demo_bsp\system.mss
10:38:06 WARN  :  [Hsi 55-1559] Software Design already exists with Name C:\Users\chri.ballesteros\Documents\Lab2_ESDC\Lab2_ESDC.sdk\echo_demo_bsp\system.mss
10:38:29 WARN  :  [Hsi 55-1559] Software Design already exists with Name C:\Users\chri.ballesteros\Documents\Lab2_ESDC\Lab2_ESDC.sdk\echo_demo_bsp\system.mss
10:38:29 WARN  :  [Hsi 55-1559] Software Design already exists with Name C:\Users\chri.ballesteros\Documents\Lab2_ESDC\Lab2_ESDC.sdk\echo_demo_bsp\system.mss
10:38:29 WARN  :  [Hsi 55-1559] Software Design already exists with Name C:\Users\chri.ballesteros\Documents\Lab2_ESDC\Lab2_ESDC.sdk\echo_demo_bsp\system.mss
10:39:47 WARN  :  [Hsi 55-1559] Software Design already exists with Name C:\Users\chri.ballesteros\Documents\Lab2_ESDC\Lab2_ESDC.sdk\echo_demo_bsp\system.mss
10:39:47 WARN  :  [Hsi 55-1559] Software Design already exists with Name C:\Users\chri.ballesteros\Documents\Lab2_ESDC\Lab2_ESDC.sdk\echo_demo_bsp\system.mss
10:39:47 WARN  :  [Hsi 55-1559] Software Design already exists with Name C:\Users\chri.ballesteros\Documents\Lab2_ESDC\Lab2_ESDC.sdk\echo_demo_bsp\system.mss
10:40:21 INFO  : ps7_init is completed.
10:40:21 INFO  : ps7_post_config is completed.
10:40:21 INFO  : Processor reset is completed for ps7_cortexa9_0
10:40:42 WARN  :  [Hsi 55-1559] Software Design already exists with Name C:\Users\chri.ballesteros\Documents\Lab2_ESDC\Lab2_ESDC.sdk\echo_demo_bsp\system.mss
10:40:42 WARN  :  [Hsi 55-1559] Software Design already exists with Name C:\Users\chri.ballesteros\Documents\Lab2_ESDC\Lab2_ESDC.sdk\echo_demo_bsp\system.mss
10:40:42 WARN  :  [Hsi 55-1559] Software Design already exists with Name C:\Users\chri.ballesteros\Documents\Lab2_ESDC\Lab2_ESDC.sdk\echo_demo_bsp\system.mss
10:40:42 WARN  :  [Hsi 55-1559] Software Design already exists with Name C:\Users\chri.ballesteros\Documents\Lab2_ESDC\Lab2_ESDC.sdk\echo_demo_bsp\system.mss
10:40:42 WARN  :  [Hsi 55-1559] Software Design already exists with Name C:\Users\chri.ballesteros\Documents\Lab2_ESDC\Lab2_ESDC.sdk\echo_demo_bsp\system.mss
10:40:42 WARN  :  [Hsi 55-1559] Software Design already exists with Name C:\Users\chri.ballesteros\Documents\Lab2_ESDC\Lab2_ESDC.sdk\echo_demo_bsp\system.mss
10:40:42 WARN  :  [Hsi 55-1559] Software Design already exists with Name C:\Users\chri.ballesteros\Documents\Lab2_ESDC\Lab2_ESDC.sdk\echo_demo_bsp\system.mss
10:41:04 WARN  :  [Hsi 55-1559] Software Design already exists with Name C:\Users\chri.ballesteros\Documents\Lab2_ESDC\Lab2_ESDC.sdk\echo_demo_bsp\system.mss
10:41:04 WARN  :  [Hsi 55-1559] Software Design already exists with Name C:\Users\chri.ballesteros\Documents\Lab2_ESDC\Lab2_ESDC.sdk\echo_demo_bsp\system.mss
10:41:04 WARN  :  [Hsi 55-1559] Software Design already exists with Name C:\Users\chri.ballesteros\Documents\Lab2_ESDC\Lab2_ESDC.sdk\echo_demo_bsp\system.mss
10:41:34 WARN  :  [Hsi 55-1559] Software Design already exists with Name C:\Users\chri.ballesteros\Documents\Lab2_ESDC\Lab2_ESDC.sdk\echo_demo_bsp\system.mss
10:41:34 WARN  :  [Hsi 55-1559] Software Design already exists with Name C:\Users\chri.ballesteros\Documents\Lab2_ESDC\Lab2_ESDC.sdk\echo_demo_bsp\system.mss
10:41:34 WARN  :  [Hsi 55-1559] Software Design already exists with Name C:\Users\chri.ballesteros\Documents\Lab2_ESDC\Lab2_ESDC.sdk\echo_demo_bsp\system.mss
10:41:45 WARN  :  [Hsi 55-1559] Software Design already exists with Name C:\Users\chri.ballesteros\Documents\Lab2_ESDC\Lab2_ESDC.sdk\echo_demo_bsp\system.mss
10:41:45 WARN  :  [Hsi 55-1559] Software Design already exists with Name C:\Users\chri.ballesteros\Documents\Lab2_ESDC\Lab2_ESDC.sdk\echo_demo_bsp\system.mss
10:41:45 WARN  :  [Hsi 55-1559] Software Design already exists with Name C:\Users\chri.ballesteros\Documents\Lab2_ESDC\Lab2_ESDC.sdk\echo_demo_bsp\system.mss
10:43:04 WARN  :  [Hsi 55-1559] Software Design already exists with Name C:\Users\chri.ballesteros\Documents\Lab2_ESDC\Lab2_ESDC.sdk\echo_demo_bsp\system.mss
10:43:04 WARN  :  [Hsi 55-1559] Software Design already exists with Name C:\Users\chri.ballesteros\Documents\Lab2_ESDC\Lab2_ESDC.sdk\echo_demo_bsp\system.mss
10:43:04 WARN  :  [Hsi 55-1559] Software Design already exists with Name C:\Users\chri.ballesteros\Documents\Lab2_ESDC\Lab2_ESDC.sdk\echo_demo_bsp\system.mss
10:43:18 INFO  : ps7_cortexa9_0 Processor is in use. Please stop existing Run or Debug sessions before launching.
10:43:20 INFO  : Processor reset is completed for ps7_cortexa9_0
10:51:23 INFO  : Processor reset is completed for ps7_cortexa9_0
11:16:32 WARN  :  [Hsi 55-1559] Software Design already exists with Name C:\Users\chri.ballesteros\Documents\Lab2_ESDC\Lab2_ESDC.sdk\echo_demo_bsp\system.mss
11:16:32 WARN  :  [Hsi 55-1559] Software Design already exists with Name C:\Users\chri.ballesteros\Documents\Lab2_ESDC\Lab2_ESDC.sdk\echo_demo_bsp\system.mss
11:16:32 WARN  :  [Hsi 55-1559] Software Design already exists with Name C:\Users\chri.ballesteros\Documents\Lab2_ESDC\Lab2_ESDC.sdk\echo_demo_bsp\system.mss
11:17:01 INFO  : Processor reset is completed for ps7_cortexa9_0
11:23:03 INFO  : ps7_cortexa9_0 Processor is in use. Please stop existing Run or Debug sessions before launching.
11:23:08 INFO  : Processor reset is completed for ps7_cortexa9_0
11:24:49 INFO  : ps7_cortexa9_0 Processor is in use. Please stop existing Run or Debug sessions before launching.
11:24:50 INFO  : Processor reset is completed for ps7_cortexa9_0
11:27:00 INFO  : ps7_cortexa9_0 Processor is in use. Please stop existing Run or Debug sessions before launching.
11:27:01 INFO  : Processor reset is completed for ps7_cortexa9_0
11:29:26 INFO  : ps7_cortexa9_0 Processor is in use. Please stop existing Run or Debug sessions before launching.
11:29:27 INFO  : Processor reset is completed for ps7_cortexa9_0
11:33:14 WARN  :  [Hsi 55-1559] Software Design already exists with Name C:\Users\chri.ballesteros\Documents\Lab2_ESDC\Lab2_ESDC.sdk\echo_demo_bsp\system.mss
11:33:14 WARN  :  [Hsi 55-1559] Software Design already exists with Name C:\Users\chri.ballesteros\Documents\Lab2_ESDC\Lab2_ESDC.sdk\echo_demo_bsp\system.mss
11:33:14 WARN  :  [Hsi 55-1559] Software Design already exists with Name C:\Users\chri.ballesteros\Documents\Lab2_ESDC\Lab2_ESDC.sdk\echo_demo_bsp\system.mss
11:35:35 INFO  : ps7_init is completed.
11:35:36 INFO  : ps7_post_config is completed.
11:35:36 INFO  : Processor reset is completed for ps7_cortexa9_0
11:36:06 WARN  :  [Hsi 55-1559] Software Design already exists with Name C:\Users\chri.ballesteros\Documents\Lab2_ESDC\Lab2_ESDC.sdk\echo_demo_bsp\system.mss
11:36:06 WARN  :  [Hsi 55-1559] Software Design already exists with Name C:\Users\chri.ballesteros\Documents\Lab2_ESDC\Lab2_ESDC.sdk\echo_demo_bsp\system.mss
11:36:06 WARN  :  [Hsi 55-1559] Software Design already exists with Name C:\Users\chri.ballesteros\Documents\Lab2_ESDC\Lab2_ESDC.sdk\echo_demo_bsp\system.mss
11:36:55 INFO  : ps7_init is completed.
11:36:55 INFO  : ps7_post_config is completed.
11:36:56 INFO  : Processor reset is completed for ps7_cortexa9_0
11:42:08 INFO  : Processor reset is completed for ps7_cortexa9_0
11:49:06 INFO  : ps7_cortexa9_0 Processor is in use. Please stop existing Run or Debug sessions before launching.
11:49:07 INFO  : Processor reset is completed for ps7_cortexa9_0
11:50:27 INFO  : Processor reset is completed for ps7_cortexa9_0
11:53:38 INFO  : Processor reset is completed for ps7_cortexa9_0
11:55:37 ERROR : Unable to disconnect from existing targets
java.lang.NullPointerException
	at com.xilinx.sdk.targetmanager.internal.json.XMDJSONProcess.issueCommand(XMDJSONProcess.java:144)
	at com.xilinx.sdk.targetmanager.internal.TM.disconnectTarget(TM.java:324)
	at com.xilinx.sdk.targetmanager.internal.TM.disconnectExistingTargets(TM.java:306)
	at com.xilinx.sdk.targetmanager.internal.TM.terminate(TM.java:210)
	at com.xilinx.sdk.targetmanager.TMPlugin.stop(TMPlugin.java:58)
	at org.eclipse.osgi.framework.internal.core.BundleContextImpl$2.run(BundleContextImpl.java:771)
	at java.security.AccessController.doPrivileged(Native Method)
	at org.eclipse.osgi.framework.internal.core.BundleContextImpl.stop(BundleContextImpl.java:764)
	at org.eclipse.osgi.framework.internal.core.BundleHost.stopWorker(BundleHost.java:510)
	at org.eclipse.osgi.framework.internal.core.AbstractBundle.suspend(AbstractBundle.java:566)
	at org.eclipse.osgi.framework.internal.core.Framework.suspendBundle(Framework.java:1206)
	at org.eclipse.osgi.framework.internal.core.StartLevelManager.decFWSL(StartLevelManager.java:592)
	at org.eclipse.osgi.framework.internal.core.StartLevelManager.doSetStartLevel(StartLevelManager.java:257)
	at org.eclipse.osgi.framework.internal.core.StartLevelManager.shutdown(StartLevelManager.java:215)
	at org.eclipse.osgi.framework.internal.core.InternalSystemBundle.suspend(InternalSystemBundle.java:284)
	at org.eclipse.osgi.framework.internal.core.Framework.shutdown(Framework.java:692)
	at org.eclipse.osgi.framework.internal.core.Framework.close(Framework.java:600)
	at org.eclipse.core.runtime.adaptor.EclipseStarter.shutdown(EclipseStarter.java:400)
	at org.eclipse.core.runtime.adaptor.EclipseStarter.run(EclipseStarter.java:200)
	at sun.reflect.NativeMethodAccessorImpl.invoke0(Native Method)
	at sun.reflect.NativeMethodAccessorImpl.invoke(Unknown Source)
	at sun.reflect.DelegatingMethodAccessorImpl.invoke(Unknown Source)
	at java.lang.reflect.Method.invoke(Unknown Source)
	at org.eclipse.equinox.launcher.Main.invokeFramework(Main.java:636)
	at org.eclipse.equinox.launcher.Main.basicRun(Main.java:591)
	at org.eclipse.equinox.launcher.Main.run(Main.java:1450)
11:55:37 ERROR : Unexpected error while parsing XMD response ?: com.google.gson.JsonSyntaxException: com.google.gson.stream.MalformedJsonException: invalid number or unquoted string near 
